<?xml version="1.0" encoding="UTF-8"?>
<testsuite name="BackpressureTask2Tests" tests="1" skipped="0" failures="0" errors="0" timestamp="2022-12-14T23:06:36" hostname="DESKTOP-5SNNJ1R" time="0.461">
  <properties/>
  <testcase name="testSolution()" classname="BackpressureTask2Tests" time="0.461"/>
  <system-out><![CDATA[01:06:36.667 [Test worker] DEBUG reactor.util.Loggers - Using Slf4j logging framework
]]></system-out>
  <system-err><![CDATA[]]></system-err>
</testsuite>
