<?xml version="1.0" encoding="UTF-8"?>
<testsuite name="CPTask4Tests" tests="1" skipped="0" failures="0" errors="0" timestamp="2023-01-01T21:14:10" hostname="DESKTOP-5SNNJ1R" time="0.999">
  <properties/>
  <testcase name="uploadTest()" classname="CPTask4Tests" time="0.999"/>
  <system-out><![CDATA[23:14:10.185 [Test worker] DEBUG reactor.util.Loggers - Using Slf4j logging framework
]]></system-out>
  <system-err><![CDATA[]]></system-err>
</testsuite>
