<?xml version="1.0" encoding="UTF-8"?>
<testsuite name="CommonOperatorsTask3Tests" tests="1" skipped="0" failures="0" errors="0" timestamp="2022-12-10T17:23:54" hostname="DESKTOP-5SNNJ1R" time="0.453">
  <properties/>
  <testcase name="testSolution()" classname="CommonOperatorsTask3Tests" time="0.453"/>
  <system-out><![CDATA[19:23:54.476 [Test worker] DEBUG reactor.util.Loggers - Using Slf4j logging framework
]]></system-out>
  <system-err><![CDATA[]]></system-err>
</testsuite>
