<?xml version="1.0" encoding="UTF-8"?>
<testsuite name="BackpressureTask4Tests" tests="1" skipped="0" failures="0" errors="0" timestamp="2022-12-14T23:52:08" hostname="DESKTOP-5SNNJ1R" time="0.728">
  <properties/>
  <testcase name="testSolution()" classname="BackpressureTask4Tests" time="0.728"/>
  <system-out><![CDATA[01:52:08.947 [Test worker] DEBUG reactor.util.Loggers - Using Slf4j logging framework
01:52:09.464 [Test worker] DEBUG reactor.core.publisher.Operators - onNextDropped: TestStatistic{query='test0'}
01:52:09.465 [Test worker] DEBUG reactor.core.publisher.Operators - onNextDropped: TestStatistic{query='test4'}
]]></system-out>
  <system-err><![CDATA[]]></system-err>
</testsuite>
