<?xml version="1.0" encoding="UTF-8"?>
<testsuite name="ContextTask3Tests" tests="1" skipped="0" failures="0" errors="0" timestamp="2022-12-15T00:08:44" hostname="DESKTOP-5SNNJ1R" time="0.638">
  <properties/>
  <testcase name="testSolution()" classname="ContextTask3Tests" time="0.638"/>
  <system-out><![CDATA[02:08:44.990 [Test worker] DEBUG reactor.util.Loggers - Using Slf4j logging framework
]]></system-out>
  <system-err><![CDATA[]]></system-err>
</testsuite>
