<?xml version="1.0" encoding="UTF-8"?>
<testsuite name="MultithreadingOperatorsTask4Tests" tests="1" skipped="0" failures="0" errors="0" timestamp="2022-12-13T22:25:46" hostname="DESKTOP-5SNNJ1R" time="4.526">
  <properties/>
  <testcase name="testSolution()" classname="MultithreadingOperatorsTask4Tests" time="4.526"/>
  <system-out><![CDATA[00:25:47.080 [Test worker] DEBUG reactor.util.Loggers - Using Slf4j logging framework
]]></system-out>
  <system-err><![CDATA[]]></system-err>
</testsuite>
