<?xml version="1.0" encoding="UTF-8"?>
<testsuite name="CommonOperatorsTask6Tests" tests="1" skipped="0" failures="0" errors="0" timestamp="2022-12-10T20:42:59" hostname="DESKTOP-5SNNJ1R" time="0.699">
  <properties/>
  <testcase name="testSolution()" classname="CommonOperatorsTask6Tests" time="0.699"/>
  <system-out><![CDATA[22:43:00.044 [Test worker] DEBUG reactor.util.Loggers - Using Slf4j logging framework
]]></system-out>
  <system-err><![CDATA[]]></system-err>
</testsuite>
