<?xml version="1.0" encoding="UTF-8"?>
<testsuite name="CommonPublishersTask3Tests" tests="1" skipped="0" failures="0" errors="0" timestamp="2022-12-09T19:23:31" hostname="DESKTOP-5SNNJ1R" time="0.846">
  <properties/>
  <testcase name="testSolution()" classname="CommonPublishersTask3Tests" time="0.846"/>
  <system-out><![CDATA[21:23:32.367 [Test worker] DEBUG reactor.util.Loggers - Using Slf4j logging framework
]]></system-out>
  <system-err><![CDATA[]]></system-err>
</testsuite>
