<?xml version="1.0" encoding="UTF-8"?>
<testsuite name="TestingTask2Tests" tests="1" skipped="0" failures="0" errors="0" timestamp="2022-12-11T23:09:11" hostname="DESKTOP-5SNNJ1R" time="0.742">
  <properties/>
  <testcase name="testSolution()" classname="TestingTask2Tests" time="0.742"/>
  <system-out><![CDATA[01:09:12.198 [Thread-4] DEBUG reactor.util.Loggers - Using Slf4j logging framework
]]></system-out>
  <system-err><![CDATA[]]></system-err>
</testsuite>
