<?xml version="1.0" encoding="UTF-8"?>
<testsuite name="ResilienceTask2Tests" tests="3" skipped="0" failures="0" errors="0" timestamp="2022-12-26T19:32:00" hostname="DESKTOP-5SNNJ1R" time="0.478">
  <properties/>
  <testcase name="testSolution()" classname="ResilienceTask2Tests" time="0.459"/>
  <testcase name="testSolution1()" classname="ResilienceTask2Tests" time="0.003"/>
  <testcase name="testSolution2()" classname="ResilienceTask2Tests" time="0.007"/>
  <system-out><![CDATA[21:32:01.219 [Test worker] DEBUG reactor.util.Loggers - Using Slf4j logging framework
]]></system-out>
  <system-err><![CDATA[]]></system-err>
</testsuite>
