<?xml version="1.0" encoding="UTF-8"?>
<testsuite name="ContextTask2Tests" tests="1" skipped="0" failures="0" errors="0" timestamp="2022-12-15T00:07:11" hostname="DESKTOP-5SNNJ1R" time="0.677">
  <properties/>
  <testcase name="testSolution()" classname="ContextTask2Tests" time="0.677"/>
  <system-out><![CDATA[02:07:11.527 [Test worker] DEBUG reactor.util.Loggers - Using Slf4j logging framework
]]></system-out>
  <system-err><![CDATA[]]></system-err>
</testsuite>
