<?xml version="1.0" encoding="UTF-8"?>
<testsuite name="CommonOperatorsTask4Tests" tests="1" skipped="0" failures="0" errors="0" timestamp="2022-12-10T18:23:32" hostname="DESKTOP-5SNNJ1R" time="0.57">
  <properties/>
  <testcase name="testSolution()" classname="CommonOperatorsTask4Tests" time="0.57"/>
  <system-out><![CDATA[20:23:33.359 [Test worker] DEBUG reactor.util.Loggers - Using Slf4j logging framework
]]></system-out>
  <system-err><![CDATA[]]></system-err>
</testsuite>
