<?xml version="1.0" encoding="UTF-8"?>
<testsuite name="ContextTask1Tests" tests="1" skipped="0" failures="0" errors="0" timestamp="2022-12-15T00:03:44" hostname="DESKTOP-5SNNJ1R" time="0.453">
  <properties/>
  <testcase name="testSolution()" classname="ContextTask1Tests" time="0.453"/>
  <system-out><![CDATA[02:03:45.060 [Test worker] DEBUG reactor.util.Loggers - Using Slf4j logging framework
]]></system-out>
  <system-err><![CDATA[]]></system-err>
</testsuite>
