<?xml version="1.0" encoding="UTF-8"?>
<testsuite name="MultipleSourcesTask4Tests" tests="1" skipped="0" failures="0" errors="0" timestamp="2022-12-12T21:56:57" hostname="DESKTOP-5SNNJ1R" time="0.331">
  <properties/>
  <testcase name="testSolution()" classname="MultipleSourcesTask4Tests" time="0.331"/>
  <system-out><![CDATA[23:56:57.955 [Test worker] DEBUG reactor.util.Loggers - Using Slf4j logging framework
]]></system-out>
  <system-err><![CDATA[]]></system-err>
</testsuite>
