<?xml version="1.0" encoding="UTF-8"?>
<testsuite name="MultipleSourcesTask3Tests" tests="1" skipped="0" failures="0" errors="0" timestamp="2022-12-12T21:37:32" hostname="DESKTOP-5SNNJ1R" time="0.335">
  <properties/>
  <testcase name="testSolution()" classname="MultipleSourcesTask3Tests" time="0.335"/>
  <system-out><![CDATA[23:37:32.714 [Test worker] DEBUG reactor.util.Loggers - Using Slf4j logging framework
]]></system-out>
  <system-err><![CDATA[]]></system-err>
</testsuite>
