<?xml version="1.0" encoding="UTF-8"?>
<testsuite name="CommonPublishersTask2Tests" tests="1" skipped="0" failures="0" errors="0" timestamp="2022-12-09T19:19:09" hostname="DESKTOP-5SNNJ1R" time="0.817">
  <properties/>
  <testcase name="testSolution()" classname="CommonPublishersTask2Tests" time="0.817"/>
  <system-out><![CDATA[21:19:09.916 [Test worker] DEBUG reactor.util.Loggers - Using Slf4j logging framework
]]></system-out>
  <system-err><![CDATA[]]></system-err>
</testsuite>
