<?xml version="1.0" encoding="UTF-8"?>
<testsuite name="BackpressureTask3Tests" tests="1" skipped="0" failures="0" errors="0" timestamp="2022-12-14T23:33:04" hostname="DESKTOP-5SNNJ1R" time="0.625">
  <properties/>
  <testcase name="testSolution()" classname="BackpressureTask3Tests" time="0.625"/>
  <system-out><![CDATA[01:33:04.507 [Test worker] DEBUG reactor.util.Loggers - Using Slf4j logging framework
]]></system-out>
  <system-err><![CDATA[]]></system-err>
</testsuite>
