<?xml version="1.0" encoding="UTF-8"?>
<testsuite name="DLMTask3Tests" tests="1" skipped="0" failures="0" errors="0" timestamp="2022-12-30T14:18:42" hostname="DESKTOP-5SNNJ1R" time="1.152">
  <properties/>
  <testcase name="testSolution()" classname="DLMTask3Tests" time="1.152"/>
  <system-out><![CDATA[16:18:43.127 [Test worker] DEBUG reactor.util.Loggers - Using Slf4j logging framework
16:18:43.139 [Test worker] DEBUG reactor.core.publisher.Hooks - Hooking onEachOperator: DLMTask3Tests$$Lambda$301/1010670443@19d481b
16:18:43.475 [Test worker] DEBUG io.micrometer.core.util.internal.logging.InternalLoggerFactory - Using SLF4J as the default logging framework
16:18:43.665 [Test worker] INFO After PublisherOn - | onSubscribe([Fuseable] FluxPublishOn.PublishOnSubscriber)
16:18:43.673 [Test worker] INFO After PublisherOn - | request(unbounded)
16:18:43.727 [single-1] INFO After PublisherOn - | onNext(0)
16:18:43.741 [single-1] INFO After PublisherOn - | onNext(1)
16:18:43.742 [single-1] INFO After PublisherOn - | onNext(2)
16:18:43.756 [single-1] INFO After PublisherOn - | onNext(3)
16:18:43.771 [single-1] INFO After PublisherOn - | onNext(4)
16:18:43.771 [single-1] INFO After PublisherOn - | onNext(5)
16:18:43.787 [single-1] INFO After PublisherOn - | onNext(6)
16:18:43.803 [single-1] INFO After PublisherOn - | onNext(7)
16:18:43.804 [single-1] INFO After PublisherOn - | onNext(8)
16:18:43.819 [single-1] INFO After PublisherOn - | onNext(9)
16:18:43.822 [single-1] INFO After PublisherOn - | cancel()
16:18:44.029 [Test worker] DEBUG reactor.core.publisher.Hooks - Reset to factory defaults : onEachOperator
]]></system-out>
  <system-err><![CDATA[]]></system-err>
</testsuite>
