<?xml version="1.0" encoding="UTF-8"?>
<testsuite name="CPTask2Tests" tests="1" skipped="0" failures="0" errors="0" timestamp="2023-01-01T11:19:20" hostname="DESKTOP-5SNNJ1R" time="2.52">
  <properties/>
  <testcase name="findVideoTest()" classname="CPTask2Tests" time="2.52"/>
  <system-out><![CDATA[13:19:21.846 [Test worker] DEBUG reactor.util.Loggers - Using Slf4j logging framework
]]></system-out>
  <system-err><![CDATA[]]></system-err>
</testsuite>
