<?xml version="1.0" encoding="UTF-8"?>
<testsuite name="TestingTask1Tests" tests="1" skipped="0" failures="0" errors="0" timestamp="2022-12-11T21:36:47" hostname="DESKTOP-5SNNJ1R" time="0.511">
  <properties/>
  <testcase name="testSolution()" classname="TestingTask1Tests" time="0.511"/>
  <system-out><![CDATA[23:36:48.222 [Test worker] DEBUG reactor.util.Loggers - Using Slf4j logging framework
]]></system-out>
  <system-err><![CDATA[]]></system-err>
</testsuite>
