<?xml version="1.0" encoding="UTF-8"?>
<testsuite name="CommonOperatorsTask10Tests" tests="1" skipped="0" failures="0" errors="0" timestamp="2022-12-11T18:00:09" hostname="DESKTOP-5SNNJ1R" time="0.745">
  <properties/>
  <testcase name="testSolution()" classname="CommonOperatorsTask10Tests" time="0.745"/>
  <system-out><![CDATA[20:00:09.937 [Test worker] DEBUG reactor.util.Loggers - Using Slf4j logging framework
]]></system-out>
  <system-err><![CDATA[]]></system-err>
</testsuite>
