<?xml version="1.0" encoding="UTF-8"?>
<testsuite name="ResilienceTask8Tests" tests="4" skipped="0" failures="0" errors="0" timestamp="2022-12-28T20:03:54" hostname="DESKTOP-5SNNJ1R" time="1.066">
  <properties/>
  <testcase name="testSolution()" classname="ResilienceTask8Tests" time="0.791"/>
  <testcase name="testSolution1()" classname="ResilienceTask8Tests" time="0.013"/>
  <testcase name="testSolution2()" classname="ResilienceTask8Tests" time="0.062"/>
  <testcase name="testSolution3()" classname="ResilienceTask8Tests" time="0.19"/>
  <system-out><![CDATA[22:03:54.851 [Test worker] DEBUG reactor.util.Loggers - Using Slf4j logging framework
]]></system-out>
  <system-err><![CDATA[]]></system-err>
</testsuite>
