<?xml version="1.0" encoding="UTF-8"?>
<testsuite name="ResilienceTask9Tests" tests="2" skipped="0" failures="0" errors="0" timestamp="2022-12-28T20:43:16" hostname="DESKTOP-5SNNJ1R" time="0.912">
  <properties/>
  <testcase name="testSolution()" classname="ResilienceTask9Tests" time="0.897"/>
  <testcase name="testSolution1()" classname="ResilienceTask9Tests" time="0.011"/>
  <system-out><![CDATA[22:43:16.896 [Test worker] DEBUG reactor.util.Loggers - Using Slf4j logging framework
]]></system-out>
  <system-err><![CDATA[]]></system-err>
</testsuite>
