<?xml version="1.0" encoding="UTF-8"?>
<testsuite name="MultipleSourcesTask6Tests" tests="1" skipped="0" failures="0" errors="0" timestamp="2022-12-12T22:19:12" hostname="DESKTOP-5SNNJ1R" time="0.66">
  <properties/>
  <testcase name="testSolution()" classname="MultipleSourcesTask6Tests" time="0.66"/>
  <system-out><![CDATA[00:19:12.626 [Test worker] DEBUG reactor.util.Loggers - Using Slf4j logging framework
]]></system-out>
  <system-err><![CDATA[]]></system-err>
</testsuite>
