<?xml version="1.0" encoding="UTF-8"?>
<testsuite name="CPTask1Tests" tests="2" skipped="0" failures="0" errors="0" timestamp="2022-12-30T23:13:33" hostname="DESKTOP-5SNNJ1R" time="1.041">
  <properties/>
  <testcase name="findUsersMostExpensivePurchaseTest()" classname="CPTask1Tests" time="1.032"/>
  <testcase name="retrievingTotalPriceTest()" classname="CPTask1Tests" time="0.007"/>
  <system-out><![CDATA[01:13:34.802 [Test worker] DEBUG reactor.util.Loggers - Using Slf4j logging framework
]]></system-out>
  <system-err><![CDATA[]]></system-err>
</testsuite>
