<?xml version="1.0" encoding="UTF-8"?>
<testsuite name="MultipleSourcesTask8Tests" tests="1" skipped="0" failures="0" errors="0" timestamp="2022-12-12T22:43:10" hostname="DESKTOP-5SNNJ1R" time="0.816">
  <properties/>
  <testcase name="testSolution()" classname="MultipleSourcesTask8Tests" time="0.816"/>
  <system-out><![CDATA[00:43:10.672 [Test worker] DEBUG reactor.util.Loggers - Using Slf4j logging framework
]]></system-out>
  <system-err><![CDATA[]]></system-err>
</testsuite>
