<?xml version="1.0" encoding="UTF-8"?>
<testsuite name="CommonOperatorsTask2Tests" tests="1" skipped="0" failures="0" errors="0" timestamp="2022-12-10T16:53:16" hostname="DESKTOP-5SNNJ1R" time="0.476">
  <properties/>
  <testcase name="testSolution()" classname="CommonOperatorsTask2Tests" time="0.476"/>
  <system-out><![CDATA[18:53:17.043 [Test worker] DEBUG reactor.util.Loggers - Using Slf4j logging framework
]]></system-out>
  <system-err><![CDATA[]]></system-err>
</testsuite>
