<?xml version="1.0" encoding="UTF-8"?>
<testsuite name="CommonPublishersTask6Tests" tests="2" skipped="0" failures="0" errors="0" timestamp="2022-12-09T19:52:06" hostname="DESKTOP-5SNNJ1R" time="0.198">
  <properties/>
  <testcase name="testValid()" classname="CommonPublishersTask6Tests" time="0.194"/>
  <testcase name="testInvalid()" classname="CommonPublishersTask6Tests" time="0.003"/>
  <system-out><![CDATA[21:52:06.797 [Test worker] DEBUG reactor.util.Loggers - Using Slf4j logging framework
]]></system-out>
  <system-err><![CDATA[]]></system-err>
</testsuite>
