<?xml version="1.0" encoding="UTF-8"?>
<testsuite name="CommonOperatorsTask9Tests" tests="1" skipped="0" failures="0" errors="0" timestamp="2022-12-11T16:55:46" hostname="DESKTOP-5SNNJ1R" time="1.014">
  <properties/>
  <testcase name="testSolution()" classname="CommonOperatorsTask9Tests" time="1.014"/>
  <system-out><![CDATA[18:55:46.843 [Test worker] DEBUG reactor.util.Loggers - Using Slf4j logging framework
]]></system-out>
  <system-err><![CDATA[]]></system-err>
</testsuite>
