<?xml version="1.0" encoding="UTF-8"?>
<testsuite name="CommonPublishersTask5Tests" tests="1" skipped="0" failures="0" errors="0" timestamp="2022-12-09T19:41:20" hostname="DESKTOP-5SNNJ1R" time="0.188">
  <properties/>
  <testcase name="testSolution()" classname="CommonPublishersTask5Tests" time="0.188"/>
  <system-out><![CDATA[21:41:20.420 [Test worker] DEBUG reactor.util.Loggers - Using Slf4j logging framework
]]></system-out>
  <system-err><![CDATA[]]></system-err>
</testsuite>
