<?xml version="1.0" encoding="UTF-8"?>
<testsuite name="MultipleSourcesTask2Tests" tests="1" skipped="0" failures="0" errors="0" timestamp="2022-12-12T20:42:20" hostname="DESKTOP-5SNNJ1R" time="0.836">
  <properties/>
  <testcase name="testSolution()" classname="MultipleSourcesTask2Tests" time="0.836"/>
  <system-out><![CDATA[22:42:21.050 [Test worker] DEBUG reactor.util.Loggers - Using Slf4j logging framework
]]></system-out>
  <system-err><![CDATA[]]></system-err>
</testsuite>
