<?xml version="1.0" encoding="UTF-8"?>
<testsuite name="ResilienceTask7Tests" tests="1" skipped="0" failures="0" errors="0" timestamp="2022-12-27T19:02:45" hostname="DESKTOP-5SNNJ1R" time="0.538">
  <properties/>
  <testcase name="testSolution()" classname="ResilienceTask7Tests" time="0.538"/>
  <system-out><![CDATA[21:02:45.363 [Test worker] DEBUG reactor.util.Loggers - Using Slf4j logging framework
]]></system-out>
  <system-err><![CDATA[]]></system-err>
</testsuite>
