<?xml version="1.0" encoding="UTF-8"?>
<testsuite name="HnSTask3Tests" tests="1" skipped="0" failures="0" errors="0" timestamp="2022-12-28T21:44:10" hostname="DESKTOP-5SNNJ1R" time="0.242">
  <properties/>
  <testcase name="testSolution()" classname="HnSTask3Tests" time="0.242"/>
  <system-out><![CDATA[23:44:10.897 [Test worker] DEBUG reactor.util.Loggers - Using Slf4j logging framework
]]></system-out>
  <system-err><![CDATA[]]></system-err>
</testsuite>
