<?xml version="1.0" encoding="UTF-8"?>
<testsuite name="CommonOperatorsTask5Tests" tests="1" skipped="0" failures="0" errors="0" timestamp="2022-12-10T20:21:47" hostname="DESKTOP-5SNNJ1R" time="0.564">
  <properties/>
  <testcase name="testSolution()" classname="CommonOperatorsTask5Tests" time="0.564"/>
  <system-out><![CDATA[22:21:47.557 [Test worker] DEBUG reactor.util.Loggers - Using Slf4j logging framework
]]></system-out>
  <system-err><![CDATA[]]></system-err>
</testsuite>
