<?xml version="1.0" encoding="UTF-8"?>
<testsuite name="TestingTask3Tests" tests="1" skipped="0" failures="0" errors="0" timestamp="2022-12-11T23:22:07" hostname="DESKTOP-5SNNJ1R" time="0.677">
  <properties/>
  <testcase name="testSolution()" classname="TestingTask3Tests" time="0.677"/>
  <system-out><![CDATA[01:22:08.396 [Test worker] DEBUG reactor.util.Loggers - Using Slf4j logging framework
]]></system-out>
  <system-err><![CDATA[]]></system-err>
</testsuite>
