<?xml version="1.0" encoding="UTF-8"?>
<testsuite name="CommonOperatorsTask1Tests" tests="1" skipped="0" failures="0" errors="0" timestamp="2022-12-09T20:30:14" hostname="DESKTOP-5SNNJ1R" time="0.48">
  <properties/>
  <testcase name="testResultIsCorrect()" classname="CommonOperatorsTask1Tests" time="0.48"/>
  <system-out><![CDATA[22:30:14.627 [Test worker] DEBUG reactor.util.Loggers - Using Slf4j logging framework
]]></system-out>
  <system-err><![CDATA[]]></system-err>
</testsuite>
