<?xml version="1.0" encoding="UTF-8"?>
<testsuite name="MultithreadingOperatorsTask3Tests" tests="1" skipped="0" failures="0" errors="0" timestamp="2022-12-13T22:15:32" hostname="DESKTOP-5SNNJ1R" time="1.301">
  <properties/>
  <testcase name="testSolution()" classname="MultithreadingOperatorsTask3Tests" time="1.301"/>
  <system-out><![CDATA[00:15:33.052 [Test worker] DEBUG reactor.util.Loggers - Using Slf4j logging framework
]]></system-out>
  <system-err><![CDATA[]]></system-err>
</testsuite>
