<?xml version="1.0" encoding="UTF-8"?>
<testsuite name="CPTask3Tests" tests="1" skipped="0" failures="0" errors="0" timestamp="2023-01-01T12:50:11" hostname="DESKTOP-5SNNJ1R" time="9.809">
  <properties/>
  <testcase name="findVideoTest()" classname="CPTask3Tests" time="9.809"/>
  <system-out><![CDATA[14:50:11.733 [Test worker] DEBUG reactor.util.Loggers - Using Slf4j logging framework
]]></system-out>
  <system-err><![CDATA[]]></system-err>
</testsuite>
