<?xml version="1.0" encoding="UTF-8"?>
<testsuite name="CommonOperatorsTask8Tests" tests="1" skipped="0" failures="0" errors="0" timestamp="2022-12-10T21:21:12" hostname="DESKTOP-5SNNJ1R" time="0.626">
  <properties/>
  <testcase name="testSolution()" classname="CommonOperatorsTask8Tests" time="0.626"/>
  <system-out><![CDATA[23:21:12.480 [Test worker] DEBUG reactor.util.Loggers - Using Slf4j logging framework
]]></system-out>
  <system-err><![CDATA[]]></system-err>
</testsuite>
