<?xml version="1.0" encoding="UTF-8"?>
<testsuite name="ResilienceTask1Tests" tests="2" skipped="0" failures="0" errors="0" timestamp="2022-12-26T17:06:22" hostname="DESKTOP-5SNNJ1R" time="0.764">
  <properties/>
  <testcase name="test1()" classname="ResilienceTask1Tests" time="0.751"/>
  <testcase name="test2()" classname="ResilienceTask1Tests" time="0.007"/>
  <system-out><![CDATA[19:06:22.577 [Test worker] DEBUG reactor.util.Loggers - Using Slf4j logging framework
]]></system-out>
  <system-err><![CDATA[]]></system-err>
</testsuite>
