<?xml version="1.0" encoding="UTF-8"?>
<testsuite name="CommonPublishersTask10Tests" tests="2" skipped="0" failures="0" errors="0" timestamp="2022-12-09T20:18:57" hostname="DESKTOP-5SNNJ1R" time="0.708">
  <properties/>
  <testcase name="testSolution()" classname="CommonPublishersTask10Tests" time="0.653"/>
  <testcase name="testSolution1()" classname="CommonPublishersTask10Tests" time="0.052"/>
  <system-out><![CDATA[22:18:58.031 [Test worker] DEBUG reactor.util.Loggers - Using Slf4j logging framework
]]></system-out>
  <system-err><![CDATA[]]></system-err>
</testsuite>
