<?xml version="1.0" encoding="UTF-8"?>
<testsuite name="HnSTask1Tests" tests="2" skipped="0" failures="0" errors="0" timestamp="2022-12-28T21:26:41" hostname="DESKTOP-5SNNJ1R" time="0.767">
  <properties/>
  <testcase name="testSolution()" classname="HnSTask1Tests" time="0.724"/>
  <testcase name="testSolution2()" classname="HnSTask1Tests" time="0.038"/>
  <system-out><![CDATA[23:26:41.895 [Test worker] DEBUG reactor.util.Loggers - Using Slf4j logging framework
23:26:41.908 [Test worker] DEBUG reactor.core.publisher.Hooks - Hooking onEachOperator: HnSTask1Tests$$Lambda$279/1859374258@55740540
23:26:42.302 [Test worker] DEBUG reactor.core.publisher.Hooks - Reset to factory defaults : onEachOperator
23:26:42.495 [Test worker] DEBUG reactor.core.publisher.Hooks - Hooking onEachOperator: HnSTask1Tests$$Lambda$322/502848122@23941fb4
23:26:42.527 [Test worker] DEBUG reactor.core.publisher.Hooks - Reset to factory defaults : onEachOperator
]]></system-out>
  <system-err><![CDATA[]]></system-err>
</testsuite>
